<?xml version="1.0" encoding="UTF-8"?>
<!-- Generated by org.testng.reporters.JUnitReportReporter -->
<testsuite hostname="MacBook" name="com.abc.testscript.TC003Sample" tests="1" failures="0" timestamp="24 Feb 2019 10:46:30 GMT" time="65.520" errors="0">
  <testcase name="FormValidationTest" time="65.520" classname="com.abc.testscript.TC003Sample"/>
</testsuite> <!-- com.abc.testscript.TC003Sample -->
